#-----------------------------------------------------------
# Vivado v2019.1 (64-bit)
# SW Build 2552052 on Fri May 24 14:49:42 MDT 2019
# IP Build 2548770 on Fri May 24 18:01:18 MDT 2019
# Start of session at: Tue Oct  5 16:39:31 2021
# Process ID: 16632
# Current directory: C:/Users/94582/Documents/GitHub/CPU
# Command line: vivado.exe -gui_launcher_event rodinguilauncherevent7860 C:\Users\94582\Documents\GitHub\CPU\Lab_04.xpr
# Log file: C:/Users/94582/Documents/GitHub/CPU/vivado.log
# Journal file: C:/Users/94582/Documents/GitHub/CPU\vivado.jou
#-----------------------------------------------------------
start_gui
open_project C:/Users/94582/Documents/GitHub/CPU/Lab_04.xpr
Scanning sources...
Finished scanning sources
INFO: [IP_Flow 19-234] Refreshing IP repositories
INFO: [IP_Flow 19-1704] No user IP repositories specified
INFO: [IP_Flow 19-2313] Loaded Vivado IP repository 'C:/Xilinx/Vivado/2019.1/data/ip'.
update_compile_order -fileset sources_1
reset_project
exit
INFO: [Common 17-206] Exiting Vivado at Tue Oct  5 16:40:42 2021...
